<?xml version="1.0" encoding="UTF-8" ?>
<testsuite tests="1" failures="0" name="br.com.claudiowork.runners.RunnerTest" time="8.961" errors="0" skipped="1">
  <properties>
[...]
</properties>
  <testcase classname="Cadastro de contas" name="Deve inserir uma conta com sucesso" time="8.961">
    <skipped/>
    <system-out>@srbarriga
Funcionalidade: Cadastro de contas
Como um usuário 
Gostaria de cadastrar contas
Para que eu possa distribuir meu dinheiro de uma forma mais organizada

  @srbarriga
  Cenário: Deve inserir uma conta com sucesso        &amp;#27;[90m# src/test/resources/features/integracaoHerokuSrBarriga.feature:9&amp;#27;[0m
    &amp;#27;[32mDado &amp;#27;[0m&amp;#27;[32mque estou acessando a aplicação&amp;#27;[0m             &amp;#27;[90m# srbarrigaSteps.queEstouAcessandoAAplicação()&amp;#27;[0m
    &amp;#27;[33mQuando &amp;#27;[0m&amp;#27;[33minformo o usuário &quot;&amp;#27;[0m&amp;#27;[33m&amp;#27;[1mteste@claudiowork.com&amp;#27;[0m&amp;#27;[33m&quot;&amp;#27;[0m &amp;#27;[90m# srbarrigaSteps.informoOUsuário(String)&amp;#27;[0m
      &amp;#27;[33mcucumber.api.PendingException: TODO: implement me
	at br.com.claudiowork.steps.srbarrigaSteps.informoOUsuário(srbarrigaSteps.java:25)
	at ?.informo o usuário &quot;teste@claudiowork.com&quot;(src/test/resources/features/integracaoHerokuSrBarriga.feature:11)
&amp;#27;[0m
    &amp;#27;[36mE &amp;#27;[0m&amp;#27;[36ma senha &quot;&amp;#27;[0m&amp;#27;[36m&amp;#27;[1mteste&amp;#27;[0m&amp;#27;[36m&quot;&amp;#27;[0m                                &amp;#27;[90m# srbarrigaSteps.aSenha(String)&amp;#27;[0m
    &amp;#27;[36mE &amp;#27;[0m&amp;#27;[36mseleciono entrar&amp;#27;[0m                               &amp;#27;[90m# srbarrigaSteps.selecionoEntrar()&amp;#27;[0m
    &amp;#27;[36mEntão &amp;#27;[0m&amp;#27;[36mvisualizo a página inicial&amp;#27;[0m                 &amp;#27;[90m# srbarrigaSteps.visualizoAPáginaInicial()&amp;#27;[0m
    &amp;#27;[36mQuando &amp;#27;[0m&amp;#27;[36mseleciono Contas&amp;#27;[0m                          &amp;#27;[90m# srbarrigaSteps.selecionoContas()&amp;#27;[0m
    &amp;#27;[36mE &amp;#27;[0m&amp;#27;[36mseleciono Adicionar&amp;#27;[0m                            &amp;#27;[90m# srbarrigaSteps.selecionoAdicionar()&amp;#27;[0m
    &amp;#27;[36mE &amp;#27;[0m&amp;#27;[36minformo a conta &quot;&amp;#27;[0m&amp;#27;[36m&amp;#27;[1mConta de Teste&amp;#27;[0m&amp;#27;[36m&quot;&amp;#27;[0m               &amp;#27;[90m# srbarrigaSteps.informoAConta(String)&amp;#27;[0m
    &amp;#27;[36mE &amp;#27;[0m&amp;#27;[36mseleciono Salvar&amp;#27;[0m                               &amp;#27;[90m# srbarrigaSteps.selecionoSalvar()&amp;#27;[0m
    &amp;#27;[36mEntão &amp;#27;[0m&amp;#27;[36ma conta é inserida com sucesso&amp;#27;[0m             &amp;#27;[90m# srbarrigaSteps.aContaÉInseridaComSucesso()&amp;#27;[0m
</system-out>
    <system-err>WARNING: Found tags option &apos;~@ignore&apos;. Support for &apos;~@tag&apos; will be removed from the next release of Cucumber-JVM. Please use &apos;not @tag&apos; instead.
Starting ChromeDriver 83.0.4103.14 (be04594a2b8411758b860104bc0a1033417178be-refs/branch-heads/4103@{#119}) on port 44270
Only local connections are allowed.
Please see https://chromedriver.chromium.org/security-considerations for suggestions on keeping ChromeDriver safe.
ChromeDriver was started successfully.
jun 25, 2020 4:17:19 PM org.openqa.selenium.remote.ProtocolHandshake createSession
INFORMAÇÕES: Detected dialect: W3C
</system-err>
  </testcase>
</testsuite>